<?xml version="1.0" encoding="UTF-8"?>
<testsuite xmlns:xsi="http://www.w3.org/2001/XMLSchema-instance" xsi:noNamespaceSchemaLocation="https://maven.apache.org/surefire/maven-surefire-plugin/xsd/surefire-test-report.xsd" version="3.0.2" name="br.com.api.dto.DtoApplicationTests" time="6.529" tests="1" errors="0" skipped="0" failures="0">
  <properties>
[...]
</properties>
  <testcase name="contextLoads" classname="br.com.api.dto.DtoApplicationTests" time="1.801">
    <system-out><![CDATA[21:13:42.716 [main] INFO org.springframework.test.context.support.AnnotationConfigContextLoaderUtils -- Could not detect default configuration classes for test class [br.com.api.dto.DtoApplicationTests]: DtoApplicationTests does not declare any static, non-private, non-final, nested classes annotated with @Configuration.
21:13:42.883 [main] INFO org.springframework.boot.test.context.SpringBootTestContextBootstrapper -- Found @SpringBootConfiguration br.com.api.ApiApplication for test class br.com.api.dto.DtoApplicationTests

  .   ____          _            __ _ _
 /\\ / ___'_ __ _ _(_)_ __  __ _ \ \ \ \
( ( )\___ | '_ | '_| | '_ \/ _` | \ \ \ \
 \\/  ___)| |_)| | | | | || (_| |  ) ) ) )
  '  |____| .__|_| |_|_| |_\__, | / / / /
 =========|_|==============|___/=/_/_/_/

 :: Spring Boot ::                (v4.0.2)

2026-01-26T21:13:43.842-03:00  INFO 3172 --- [dto] [           main] br.com.api.dto.DtoApplicationTests       : Starting DtoApplicationTests using Java 17.0.17 with PID 3172 (started by darla in C:\dev\scada_modbus\api-spring)
2026-01-26T21:13:43.849-03:00  INFO 3172 --- [dto] [           main] br.com.api.dto.DtoApplicationTests       : No active profile set, falling back to 1 default profile: "default"
2026-01-26T21:13:44.914-03:00  INFO 3172 --- [dto] [           main] .s.d.r.c.RepositoryConfigurationDelegate : Bootstrapping Spring Data JDBC repositories in DEFAULT mode.
2026-01-26T21:13:44.956-03:00  INFO 3172 --- [dto] [           main] .s.d.r.c.RepositoryConfigurationDelegate : Finished Spring Data repository scanning in 22 ms. Found 0 JDBC repository interfaces.
2026-01-26T21:13:46.238-03:00  INFO 3172 --- [dto] [           main] com.zaxxer.hikari.HikariDataSource       : HikariPool-1 - Starting...
2026-01-26T21:13:46.630-03:00  INFO 3172 --- [dto] [           main] com.zaxxer.hikari.pool.HikariPool        : HikariPool-1 - Added connection org.postgresql.jdbc.PgConnection@2d74cbbd
2026-01-26T21:13:46.632-03:00  INFO 3172 --- [dto] [           main] com.zaxxer.hikari.HikariDataSource       : HikariPool-1 - Start completed.
2026-01-26T21:13:47.037-03:00  INFO 3172 --- [dto] [           main] br.com.api.dto.DtoApplicationTests       : Started DtoApplicationTests in 3.843 seconds (process running for 5.939)
]]></system-out>
  </testcase>
</testsuite>